  camera.c
  boss.c
  enemy.c
  game.c
C:\Users\user\source\repos\26WindowsProgrammingTermProject\Meowpocalypse\camera\camera.c(19,41): warning C4244: '=': 'int'에서 'float'(으)로 변환하면서 데이터가 손실될 수 있습니다.
C:\Users\user\source\repos\26WindowsProgrammingTermProject\Meowpocalypse\camera\camera.c(20,79): warning C4244: '=': 'int'에서 'float'(으)로 변환하면서 데이터가 손실될 수 있습니다.
C:\Users\user\source\repos\26WindowsProgrammingTermProject\Meowpocalypse\camera\camera.c(29,41): warning C4244: '=': 'int'에서 'float'(으)로 변환하면서 데이터가 손실될 수 있습니다.
C:\Users\user\source\repos\26WindowsProgrammingTermProject\Meowpocalypse\camera\camera.c(30,80): warning C4244: '=': 'int'에서 'float'(으)로 변환하면서 데이터가 손실될 수 있습니다.
  main.c
C:\Users\user\source\repos\26WindowsProgrammingTermProject\Meowpocalypse\main.c(35,16): warning C4244: 'return': 'WPARAM'에서 'int'(으)로 변환하면서 데이터가 손실될 수 있습니다.
  map.c
C:\Users\user\source\repos\26WindowsProgrammingTermProject\Meowpocalypse\map\map.c(155,20): warning C4244: '=': 'int'에서 'float'(으)로 변환하면서 데이터가 손실될 수 있습니다.
C:\Users\user\source\repos\26WindowsProgrammingTermProject\Meowpocalypse\map\map.c(156,48): warning C4244: '=': 'int'에서 'float'(으)로 변환하면서 데이터가 손실될 수 있습니다.
  player.c
  render.c
  코드를 생성하고 있습니다...
C:\Users\user\source\repos\26WindowsProgrammingTermProject\Meowpocalypse\render\render.c(17,1): warning C4715: 'TileColor': 모든 제어 경로에서 값을 반환하지는 않습니다.
C:\Users\user\source\repos\26WindowsProgrammingTermProject\Meowpocalypse\map\map.c(150,1): warning C4715: 'GetNextMap': 모든 제어 경로에서 값을 반환하지는 않습니다.
  LINK : C:\Users\user\source\repos\26WindowsProgrammingTermProject\x64\Debug\Meowpocalypse.exe을(를) 찾을 수 없거나 마지막 증분 링크에 의해 빌드되지 않았습니다. 전체 링크를 수행하고 있습니다.
  Meowpocalypse.vcxproj -> C:\Users\user\source\repos\26WindowsProgrammingTermProject\x64\Debug\Meowpocalypse.exe
